<?xml version="1.0" encoding="UTF-8"?>
<!-- Generated by org.testng.reporters.JUnitReportReporter -->
<testsuite hostname="LAPTOP-SI757CKO" failures="0" tests="2" name="testcase.AdvanceLoginTest" time="0.521" errors="0" timestamp="2022-08-11T15:43:23 IST" skipped="0">
  <testcase classname="testcase.AdvanceLoginTest" name="login" time="0.226"/>
  <system-out/>
  <testcase classname="testcase.AdvanceLoginTest" name="enterpin" time="0.295"/>
  <system-out/>
</testsuite> <!-- testcase.AdvanceLoginTest -->
