<?xml version="1.0" encoding="UTF-8"?>
<!-- Generated by org.testng.reporters.JUnitReportReporter -->
<testsuite hostname="LAPTOP-SI757CKO" failures="0" tests="2" name="testcase.DashBoardTest" time="2.213" errors="0" timestamp="2022-08-11T15:43:23 IST" skipped="0">
  <testcase classname="testcase.DashBoardTest" name="dashboard" time="1.507"/>
  <system-out/>
  <testcase classname="testcase.DashBoardTest" name="validateShare" time="0.706"/>
  <system-out/>
</testsuite> <!-- testcase.DashBoardTest -->
